<?xml version="1.0" encoding="UTF-8"?>
<coverage generated="1679911295522" clover="3.2.0">
  <project timestamp="1679911295522" name="All files">
    <metrics statements="67" coveredstatements="67" conditionals="6" coveredconditionals="6" methods="6" coveredmethods="6" elements="79" coveredelements="79" complexity="0" loc="67" ncloc="67" packages="1" files="6" classes="6"/>
    <file name="Credits.model.ts" path="/home/simplexity/Projects/MoviesDb/src/mongoose/Credits.model.ts">
      <metrics statements="7" coveredstatements="7" conditionals="1" coveredconditionals="1" methods="1" coveredmethods="1"/>
      <line num="1" count="1" type="stmt"/>
      <line num="2" count="1" type="stmt"/>
      <line num="3" count="1" type="stmt"/>
      <line num="4" count="1" type="stmt"/>
      <line num="5" count="1" type="stmt"/>
      <line num="6" count="1" type="stmt"/>
      <line num="7" count="1" type="cond" truecount="1" falsecount="0"/>
    </file>
    <file name="Credits.schema.ts" path="/home/simplexity/Projects/MoviesDb/src/mongoose/Credits.schema.ts">
      <metrics statements="32" coveredstatements="32" conditionals="1" coveredconditionals="1" methods="1" coveredmethods="1"/>
      <line num="1" count="1" type="stmt"/>
      <line num="2" count="1" type="stmt"/>
      <line num="3" count="1" type="stmt"/>
      <line num="4" count="1" type="stmt"/>
      <line num="5" count="1" type="stmt"/>
      <line num="6" count="1" type="stmt"/>
      <line num="7" count="1" type="stmt"/>
      <line num="8" count="1" type="stmt"/>
      <line num="9" count="1" type="stmt"/>
      <line num="10" count="1" type="stmt"/>
      <line num="11" count="1" type="stmt"/>
      <line num="12" count="1" type="stmt"/>
      <line num="13" count="1" type="stmt"/>
      <line num="14" count="1" type="stmt"/>
      <line num="15" count="1" type="stmt"/>
      <line num="16" count="1" type="stmt"/>
      <line num="17" count="1" type="stmt"/>
      <line num="18" count="1" type="stmt"/>
      <line num="19" count="1" type="stmt"/>
      <line num="20" count="1" type="stmt"/>
      <line num="21" count="1" type="stmt"/>
      <line num="22" count="1" type="stmt"/>
      <line num="23" count="1" type="stmt"/>
      <line num="24" count="1" type="stmt"/>
      <line num="25" count="1" type="stmt"/>
      <line num="26" count="1" type="stmt"/>
      <line num="27" count="1" type="stmt"/>
      <line num="28" count="1" type="stmt"/>
      <line num="29" count="1" type="stmt"/>
      <line num="30" count="1" type="stmt"/>
      <line num="31" count="1" type="stmt"/>
      <line num="32" count="1" type="cond" truecount="1" falsecount="0"/>
    </file>
    <file name="Movies.model.ts" path="/home/simplexity/Projects/MoviesDb/src/mongoose/Movies.model.ts">
      <metrics statements="5" coveredstatements="5" conditionals="1" coveredconditionals="1" methods="1" coveredmethods="1"/>
      <line num="1" count="1" type="stmt"/>
      <line num="2" count="1" type="stmt"/>
      <line num="3" count="1" type="stmt"/>
      <line num="4" count="1" type="stmt"/>
      <line num="5" count="1" type="cond" truecount="1" falsecount="0"/>
    </file>
    <file name="Movies.schema.ts" path="/home/simplexity/Projects/MoviesDb/src/mongoose/Movies.schema.ts">
      <metrics statements="7" coveredstatements="7" conditionals="1" coveredconditionals="1" methods="1" coveredmethods="1"/>
      <line num="1" count="1" type="stmt"/>
      <line num="2" count="1" type="stmt"/>
      <line num="3" count="1" type="stmt"/>
      <line num="4" count="1" type="stmt"/>
      <line num="5" count="1" type="stmt"/>
      <line num="6" count="1" type="stmt"/>
      <line num="7" count="1" type="cond" truecount="1" falsecount="0"/>
    </file>
    <file name="UserPreferences.model.ts" path="/home/simplexity/Projects/MoviesDb/src/mongoose/UserPreferences.model.ts">
      <metrics statements="4" coveredstatements="4" conditionals="1" coveredconditionals="1" methods="1" coveredmethods="1"/>
      <line num="1" count="1" type="stmt"/>
      <line num="2" count="1" type="stmt"/>
      <line num="3" count="1" type="stmt"/>
      <line num="4" count="1" type="cond" truecount="1" falsecount="0"/>
    </file>
    <file name="UserPreferences.schema.ts" path="/home/simplexity/Projects/MoviesDb/src/mongoose/UserPreferences.schema.ts">
      <metrics statements="12" coveredstatements="12" conditionals="1" coveredconditionals="1" methods="1" coveredmethods="1"/>
      <line num="1" count="1" type="stmt"/>
      <line num="2" count="1" type="stmt"/>
      <line num="3" count="1" type="stmt"/>
      <line num="4" count="1" type="stmt"/>
      <line num="5" count="1" type="stmt"/>
      <line num="6" count="1" type="stmt"/>
      <line num="7" count="1" type="stmt"/>
      <line num="8" count="1" type="stmt"/>
      <line num="9" count="1" type="stmt"/>
      <line num="10" count="1" type="stmt"/>
      <line num="11" count="1" type="stmt"/>
      <line num="12" count="1" type="cond" truecount="1" falsecount="0"/>
    </file>
  </project>
</coverage>
